<?xml version="1.0" encoding="UTF-8"?>
<!-- Generated by org.testng.reporters.JUnitXMLReporter -->
<testsuite ignored="0" hostname="DESKTOP-2T02PLP" failures="1" tests="1" name="Test" time="18.27" errors="0" timestamp="2023-05-18T18:19:47 IST">
  <testcase classname="com.actitime.testscripts.CustomerModule" name="testCreateCustomer" time="0.009">
    <failure type="java.io.FileNotFoundException" message=".\driver\CustomerDetails.xlsx (The system cannot find the file specified)">
      <![CDATA[java.io.FileNotFoundException: .\driver\CustomerDetails.xlsx (The system cannot find the file specified)
at java.base/java.io.FileInputStream.open0(Native Method)
at java.base/java.io.FileInputStream.open(FileInputStream.java:216)
at java.base/java.io.FileInputStream.<init>(FileInputStream.java:157)
at java.base/java.io.FileInputStream.<init>(FileInputStream.java:111)
at com.actitime.generics.FileLib.getExcelData(FileLib.java:25)
at com.actitime.testscripts.CustomerModule.testCreateCustomer(CustomerModule.java:22)
at java.base/java.util.ArrayList.forEach(ArrayList.java:1511)
... Removed 27 stack frames]]>
    </failure>
  </testcase> <!-- testCreateCustomer -->
</testsuite> <!-- Test -->
